  [1m[36mSQL (0.2ms)[0m  [1mSHOW TABLES[0m
  [1m[35mSQL (68.0ms)[0m  CREATE TABLE `schema_migrations` (`version` varchar(255) NOT NULL) ENGINE=InnoDB
  [1m[36mSQL (0.3ms)[0m  [1mSHOW KEYS FROM `schema_migrations`[0m
  [1m[35mSQL (101.3ms)[0m  CREATE UNIQUE INDEX `unique_schema_migrations` ON `schema_migrations` (`version`)
  [1m[36mSQL (0.3ms)[0m  [1mSHOW TABLES[0m
  [1m[35mSQL (0.2ms)[0m  SHOW TABLES
  [1m[36mSQL (0.1ms)[0m  [1mSELECT `schema_migrations`.`version` FROM `schema_migrations`[0m
Migrating to CreateMemes (20110325170545)
  [1m[35mSQL (41.8ms)[0m  CREATE TABLE `memes` (`id` int(11) DEFAULT NULL auto_increment PRIMARY KEY, `meme_type` varchar(255), `first_line` varchar(255), `second_line` varchar(255), `created_at` datetime, `updated_at` datetime) ENGINE=InnoDB
  [1m[36mSQL (1.6ms)[0m  [1mdescribe `schema_migrations`[0m
  [1m[35mSQL (0.5ms)[0m  INSERT INTO `schema_migrations` (`version`) VALUES ('20110325170545')
  [1m[36mSQL (0.9ms)[0m  [1mSHOW TABLES[0m
  [1m[35mSQL (0.6ms)[0m  SELECT `schema_migrations`.`version` FROM `schema_migrations`
  [1m[36mSQL (0.2ms)[0m  [1mSHOW TABLES[0m
  [1m[35mSQL (1.2ms)[0m  describe `memes`
  [1m[36mSQL (1.7ms)[0m  [1mSHOW KEYS FROM `memes`[0m
  [1m[36mSQL (0.2ms)[0m  [1mSHOW TABLES[0m
  [1m[35mSQL (0.2ms)[0m  SHOW TABLES
  [1m[36mSQL (0.2ms)[0m  [1mSELECT `schema_migrations`.`version` FROM `schema_migrations`[0m
Migrating to CreateMemes (20110325170545)
  [1m[35mSQL (0.3ms)[0m  SHOW TABLES
  [1m[36mSQL (0.2ms)[0m  [1mSELECT `schema_migrations`.`version` FROM `schema_migrations`[0m
  [1m[35mSQL (0.2ms)[0m  SHOW TABLES
  [1m[36mSQL (1.1ms)[0m  [1mdescribe `memes`[0m
  [1m[35mSQL (0.4ms)[0m  SHOW KEYS FROM `memes`
  [1m[36mSQL (0.3ms)[0m  [1mSHOW TABLES[0m
  [1m[35mSQL (0.2ms)[0m  SHOW TABLES
  [1m[36mSQL (0.3ms)[0m  [1mSELECT `schema_migrations`.`version` FROM `schema_migrations`[0m
  [1m[35mSQL (0.4ms)[0m  DROP DATABASE IF EXISTS `memegenerator_test`
  [1m[36mSQL (0.2ms)[0m  [1mCREATE DATABASE `memegenerator_test` DEFAULT CHARACTER SET `utf8`[0m
  [1m[35mSQL (0.2ms)[0m  SHOW TABLES
  [1m[36mSQL (66.9ms)[0m  [1mCREATE TABLE `memes` (`id` int(11) DEFAULT NULL auto_increment PRIMARY KEY, `meme_type` varchar(255), `first_line` varchar(255), `second_line` varchar(255), `created_at` datetime, `updated_at` datetime) ENGINE=InnoDB[0m
  [1m[35mSQL (0.2ms)[0m  SHOW TABLES
  [1m[36mSQL (120.0ms)[0m  [1mCREATE TABLE `schema_migrations` (`version` varchar(255) NOT NULL) ENGINE=InnoDB[0m
  [1m[35mSQL (0.3ms)[0m  SHOW KEYS FROM `schema_migrations`
  [1m[36mSQL (60.3ms)[0m  [1mCREATE UNIQUE INDEX `unique_schema_migrations` ON `schema_migrations` (`version`)[0m
  [1m[35mSQL (0.3ms)[0m  SHOW TABLES
  [1m[36mSQL (0.2ms)[0m  [1mSELECT version FROM `schema_migrations`[0m
  [1m[35mSQL (0.4ms)[0m  INSERT INTO `schema_migrations` (version) VALUES ('20110325170545')


Started GET "/" for 127.0.0.1 at 2011-03-25 11:12:02 -0700
  Processing by MemesController#index as HTML
Rendered memes/index.html.erb within layouts/application (25.6ms)
Completed   in 30ms

ActionView::Template::Error (You have a nil object when you didn't expect it!
You might have expected an instance of Array.
The error occurred while evaluating nil.each):
    10:     <th></th>
    11:   </tr>
    12: 
    13: <% @memes.each do |meme| %>
    14:   <tr>
    15:     <td><%= meme.meme_type %></td>
    16:     <td><%= meme.first_line %></td>
  app/views/memes/index.html.erb:13:in `_app_views_memes_index_html_erb__3344235796229724646_2153609080__4369329805061049931'

Rendered /Users/integrum/.rvm/gems/ruby-1.9.2-p136@memegenerator/gems/actionpack-3.0.1/lib/action_dispatch/middleware/templates/rescues/_trace.erb (1.3ms)
Rendered /Users/integrum/.rvm/gems/ruby-1.9.2-p136@memegenerator/gems/actionpack-3.0.1/lib/action_dispatch/middleware/templates/rescues/_request_and_response.erb (4.5ms)
Rendered /Users/integrum/.rvm/gems/ruby-1.9.2-p136@memegenerator/gems/actionpack-3.0.1/lib/action_dispatch/middleware/templates/rescues/template_error.erb within rescues/layout (10.3ms)
  [1m[36mSQL (0.2ms)[0m  [1mSHOW TABLES[0m
  [1m[35mSQL (37.3ms)[0m  CREATE TABLE `memes` (`id` int(11) DEFAULT NULL auto_increment PRIMARY KEY, `meme_type` varchar(255), `first_line` varchar(255), `second_line` varchar(255), `created_at` datetime, `updated_at` datetime) ENGINE=InnoDB
  [1m[36mSQL (0.3ms)[0m  [1mSHOW TABLES[0m
  [1m[35mSQL (102.5ms)[0m  CREATE TABLE `schema_migrations` (`version` varchar(255) NOT NULL) ENGINE=InnoDB
  [1m[36mSQL (0.3ms)[0m  [1mSHOW KEYS FROM `schema_migrations`[0m
  [1m[35mSQL (59.7ms)[0m  CREATE UNIQUE INDEX `unique_schema_migrations` ON `schema_migrations` (`version`)
  [1m[36mSQL (0.3ms)[0m  [1mSHOW TABLES[0m
  [1m[35mSQL (0.2ms)[0m  SELECT version FROM `schema_migrations`
  [1m[36mSQL (0.7ms)[0m  [1mINSERT INTO `schema_migrations` (version) VALUES ('20110325170545')[0m
  [1m[35mSQL (0.2ms)[0m  SHOW TABLES
  [1m[36mSQL (0.2ms)[0m  [1mSHOW TABLES[0m
  [1m[35mSQL (1.0ms)[0m  SELECT `schema_migrations`.`version` FROM `schema_migrations`
  [1m[36mSQL (0.2ms)[0m  [1mSHOW TABLES[0m
  [1m[35mSQL (0.2ms)[0m  SHOW TABLES
  [1m[36mSQL (0.4ms)[0m  [1mSELECT `schema_migrations`.`version` FROM `schema_migrations`[0m
  [1m[35mSQL (1.8ms)[0m  DROP DATABASE IF EXISTS `memegenerator_test`
  [1m[36mSQL (0.2ms)[0m  [1mCREATE DATABASE `memegenerator_test` DEFAULT CHARACTER SET `utf8`[0m
  [1m[35mSQL (0.2ms)[0m  SHOW TABLES
  [1m[36mSQL (30.6ms)[0m  [1mCREATE TABLE `memes` (`id` int(11) DEFAULT NULL auto_increment PRIMARY KEY, `meme_type` varchar(255), `first_line` varchar(255), `second_line` varchar(255), `created_at` datetime, `updated_at` datetime) ENGINE=InnoDB[0m
  [1m[35mSQL (0.2ms)[0m  SHOW TABLES
  [1m[36mSQL (74.5ms)[0m  [1mCREATE TABLE `schema_migrations` (`version` varchar(255) NOT NULL) ENGINE=InnoDB[0m
  [1m[35mSQL (0.3ms)[0m  SHOW KEYS FROM `schema_migrations`
  [1m[36mSQL (77.8ms)[0m  [1mCREATE UNIQUE INDEX `unique_schema_migrations` ON `schema_migrations` (`version`)[0m
  [1m[35mSQL (0.5ms)[0m  SHOW TABLES
  [1m[36mSQL (0.3ms)[0m  [1mSELECT version FROM `schema_migrations`[0m
  [1m[35mSQL (0.4ms)[0m  INSERT INTO `schema_migrations` (version) VALUES ('20110325170545')
  [1m[36mSQL (0.3ms)[0m  [1mSHOW TABLES[0m
  [1m[35mSQL (53.9ms)[0m  CREATE TABLE `memes` (`id` int(11) DEFAULT NULL auto_increment PRIMARY KEY, `meme_type` varchar(255), `first_line` varchar(255), `second_line` varchar(255), `created_at` datetime, `updated_at` datetime) ENGINE=InnoDB
  [1m[36mSQL (0.3ms)[0m  [1mSHOW TABLES[0m
  [1m[35mSQL (116.2ms)[0m  CREATE TABLE `schema_migrations` (`version` varchar(255) NOT NULL) ENGINE=InnoDB
  [1m[36mSQL (0.4ms)[0m  [1mSHOW KEYS FROM `schema_migrations`[0m
  [1m[35mSQL (59.8ms)[0m  CREATE UNIQUE INDEX `unique_schema_migrations` ON `schema_migrations` (`version`)
  [1m[36mSQL (0.3ms)[0m  [1mSHOW TABLES[0m
  [1m[35mSQL (0.3ms)[0m  SELECT version FROM `schema_migrations`
  [1m[36mSQL (0.5ms)[0m  [1mINSERT INTO `schema_migrations` (version) VALUES ('20110325170545')[0m
  [1m[35mSQL (0.2ms)[0m  SHOW TABLES
  [1m[36mSQL (0.2ms)[0m  [1mSHOW TABLES[0m
  [1m[35mSQL (0.7ms)[0m  SELECT `schema_migrations`.`version` FROM `schema_migrations`
  [1m[36mSQL (0.2ms)[0m  [1mSHOW TABLES[0m
  [1m[35mSQL (0.2ms)[0m  SHOW TABLES
  [1m[36mSQL (0.4ms)[0m  [1mSELECT `schema_migrations`.`version` FROM `schema_migrations`[0m
  [1m[35mSQL (2.0ms)[0m  DROP DATABASE IF EXISTS `memegenerator_test`
  [1m[36mSQL (0.3ms)[0m  [1mCREATE DATABASE `memegenerator_test` DEFAULT CHARACTER SET `utf8`[0m
  [1m[35mSQL (0.2ms)[0m  SHOW TABLES
  [1m[36mSQL (37.8ms)[0m  [1mCREATE TABLE `memes` (`id` int(11) DEFAULT NULL auto_increment PRIMARY KEY, `meme_type` varchar(255), `first_line` varchar(255), `second_line` varchar(255), `created_at` datetime, `updated_at` datetime) ENGINE=InnoDB[0m
  [1m[35mSQL (0.2ms)[0m  SHOW TABLES
  [1m[36mSQL (66.0ms)[0m  [1mCREATE TABLE `schema_migrations` (`version` varchar(255) NOT NULL) ENGINE=InnoDB[0m
  [1m[35mSQL (0.3ms)[0m  SHOW KEYS FROM `schema_migrations`
  [1m[36mSQL (60.9ms)[0m  [1mCREATE UNIQUE INDEX `unique_schema_migrations` ON `schema_migrations` (`version`)[0m
  [1m[35mSQL (0.3ms)[0m  SHOW TABLES
  [1m[36mSQL (0.2ms)[0m  [1mSELECT version FROM `schema_migrations`[0m
  [1m[35mSQL (0.9ms)[0m  INSERT INTO `schema_migrations` (version) VALUES ('20110325170545')
  [1m[36mSQL (0.3ms)[0m  [1mSHOW TABLES[0m
  [1m[35mSQL (36.1ms)[0m  CREATE TABLE `memes` (`id` int(11) DEFAULT NULL auto_increment PRIMARY KEY, `meme_type` varchar(255), `first_line` varchar(255), `second_line` varchar(255), `created_at` datetime, `updated_at` datetime) ENGINE=InnoDB
  [1m[36mSQL (0.8ms)[0m  [1mSHOW TABLES[0m
  [1m[35mSQL (60.4ms)[0m  CREATE TABLE `schema_migrations` (`version` varchar(255) NOT NULL) ENGINE=InnoDB
  [1m[36mSQL (0.3ms)[0m  [1mSHOW KEYS FROM `schema_migrations`[0m
  [1m[35mSQL (59.8ms)[0m  CREATE UNIQUE INDEX `unique_schema_migrations` ON `schema_migrations` (`version`)
  [1m[36mSQL (0.3ms)[0m  [1mSHOW TABLES[0m
  [1m[35mSQL (0.2ms)[0m  SELECT version FROM `schema_migrations`
  [1m[36mSQL (0.4ms)[0m  [1mINSERT INTO `schema_migrations` (version) VALUES ('20110325170545')[0m
  [1m[35mSQL (0.2ms)[0m  SHOW TABLES
  [1m[36mSQL (0.2ms)[0m  [1mSHOW TABLES[0m
  [1m[35mSQL (0.2ms)[0m  SELECT `schema_migrations`.`version` FROM `schema_migrations`
  [1m[36mSQL (0.2ms)[0m  [1mSHOW TABLES[0m
  [1m[35mSQL (33.2ms)[0m  CREATE TABLE `schema_migrations` (`version` varchar(255) NOT NULL) ENGINE=InnoDB
  [1m[36mSQL (0.3ms)[0m  [1mSHOW KEYS FROM `schema_migrations`[0m
  [1m[35mSQL (83.7ms)[0m  CREATE UNIQUE INDEX `unique_schema_migrations` ON `schema_migrations` (`version`)
  [1m[36mSQL (0.2ms)[0m  [1mSHOW TABLES[0m
  [1m[35mSQL (0.2ms)[0m  SHOW TABLES
  [1m[36mSQL (0.1ms)[0m  [1mSELECT `schema_migrations`.`version` FROM `schema_migrations`[0m
Migrating to CreateMemes (20110325170545)
  [1m[35mSQL (59.9ms)[0m  CREATE TABLE `memes` (`id` int(11) DEFAULT NULL auto_increment PRIMARY KEY, `meme_type` varchar(255), `first_line` varchar(255), `second_line` varchar(255), `image_url` varchar(255), `created_at` datetime, `updated_at` datetime) ENGINE=InnoDB
  [1m[36mSQL (1.5ms)[0m  [1mdescribe `schema_migrations`[0m
  [1m[35mSQL (0.7ms)[0m  INSERT INTO `schema_migrations` (`version`) VALUES ('20110325170545')
  [1m[36mSQL (0.3ms)[0m  [1mSHOW TABLES[0m
  [1m[35mSQL (0.3ms)[0m  SELECT `schema_migrations`.`version` FROM `schema_migrations`
  [1m[36mSQL (0.2ms)[0m  [1mSHOW TABLES[0m
  [1m[35mSQL (1.2ms)[0m  describe `memes`
  [1m[36mSQL (0.8ms)[0m  [1mSHOW KEYS FROM `memes`[0m
  [1m[36mSQL (0.2ms)[0m  [1mSHOW TABLES[0m
  [1m[35mSQL (0.3ms)[0m  SHOW TABLES
  [1m[36mSQL (0.6ms)[0m  [1mSELECT `schema_migrations`.`version` FROM `schema_migrations`[0m
  [1m[35mSQL (1.8ms)[0m  DROP DATABASE IF EXISTS `memegenerator_test`
  [1m[36mSQL (0.2ms)[0m  [1mCREATE DATABASE `memegenerator_test` DEFAULT CHARACTER SET `utf8`[0m
  [1m[35mSQL (0.2ms)[0m  SHOW TABLES
  [1m[36mSQL (59.3ms)[0m  [1mCREATE TABLE `memes` (`id` int(11) DEFAULT NULL auto_increment PRIMARY KEY, `meme_type` varchar(255), `first_line` varchar(255), `second_line` varchar(255), `image_url` varchar(255), `created_at` datetime, `updated_at` datetime) ENGINE=InnoDB[0m
  [1m[35mSQL (0.2ms)[0m  SHOW TABLES
  [1m[36mSQL (94.4ms)[0m  [1mCREATE TABLE `schema_migrations` (`version` varchar(255) NOT NULL) ENGINE=InnoDB[0m
  [1m[35mSQL (0.3ms)[0m  SHOW KEYS FROM `schema_migrations`
  [1m[36mSQL (60.3ms)[0m  [1mCREATE UNIQUE INDEX `unique_schema_migrations` ON `schema_migrations` (`version`)[0m
  [1m[35mSQL (0.3ms)[0m  SHOW TABLES
  [1m[36mSQL (0.2ms)[0m  [1mSELECT version FROM `schema_migrations`[0m
  [1m[35mSQL (0.3ms)[0m  INSERT INTO `schema_migrations` (version) VALUES ('20110325170545')
  [1m[36mSQL (0.1ms)[0m  [1mBEGIN[0m
  [1m[35mSQL (1.5ms)[0m  SHOW TABLES
  [1m[36mSQL (1.0ms)[0m  [1mdescribe `memes`[0m
  [1m[35mSQL (0.2ms)[0m  INSERT INTO `memes` (`created_at`, `first_line`, `image_url`, `meme_type`, `second_line`, `updated_at`) VALUES ('2011-03-25 18:37:43', NULL, NULL, NULL, NULL, '2011-03-25 18:37:43')
  [1m[36mSQL (0.4ms)[0m  [1mCOMMIT[0m
  [1m[35mSQL (0.1ms)[0m  BEGIN
  [1m[36mSQL (0.4ms)[0m  [1mINSERT INTO `memes` (`created_at`, `first_line`, `image_url`, `meme_type`, `second_line`, `updated_at`) VALUES ('2011-03-25 18:37:53', NULL, NULL, NULL, NULL, '2011-03-25 18:37:53')[0m
  [1m[35mSQL (1.0ms)[0m  COMMIT
  [1m[36mSQL (0.1ms)[0m  [1mBEGIN[0m
  [1m[35mSQL (0.1ms)[0m  COMMIT
  [1m[36mSQL (0.7ms)[0m  [1mBEGIN[0m
  [1m[35mSQL (0.1ms)[0m  ROLLBACK
  [1m[36mSQL (0.1ms)[0m  [1mBEGIN[0m
  [1m[35mSQL (0.3ms)[0m  ROLLBACK
  [1m[36mSQL (0.1ms)[0m  [1mBEGIN[0m
  [1m[35mSQL (0.2ms)[0m  ROLLBACK
  [1m[36mSQL (0.1ms)[0m  [1mBEGIN[0m
  [1m[35mSQL (1.6ms)[0m  ROLLBACK
  [1m[36mSQL (0.3ms)[0m  [1mSHOW TABLES[0m
  [1m[35mSQL (1.3ms)[0m  SHOW TABLES


Started GET "/memes.json" for 127.0.0.1 at 2011-03-25 18:40:46 -0700
  Processing by MemesController#index as JSON
  [1m[36mSQL (6.5ms)[0m  [1mSHOW TABLES[0m
  [1m[35mMeme Load (0.2ms)[0m  SELECT `memes`.* FROM `memes`
Completed 200 OK in 130ms (Views: 22.0ms | ActiveRecord: 0.0ms)


Started GET "/" for 127.0.0.1 at 2011-03-25 18:42:08 -0700
  Processing by MemesController#index as HTML
  [1m[36mMeme Load (0.2ms)[0m  [1mSELECT `memes`.* FROM `memes`[0m
Rendered memes/index.html.erb within layouts/application (6.3ms)
Completed   in 21ms

ActionView::Template::Error (undefined method `gsub' for nil:NilClass):
    16:     </td>
    17:     <td>
    18:       <h3>
    19:         <b>Meme Type: <%= meme.meme_type.gsub('_', ' ') %></b>
    20:         <br />
    21:         <br />
    22:         <%= meme.first_line %>
  app/views/memes/index.html.erb:19:in `block in _app_views_memes_index_html_erb___210438400242368534_2155351900__4087048809421291380'
  app/views/memes/index.html.erb:4:in `each'
  app/views/memes/index.html.erb:4:in `_app_views_memes_index_html_erb___210438400242368534_2155351900__4087048809421291380'
  app/controllers/memes_controller.rb:7:in `index'

Rendered /Users/integrum/.rvm/gems/ruby-1.9.2-p136@memegenerator/gems/actionpack-3.0.1/lib/action_dispatch/middleware/templates/rescues/_trace.erb (1.1ms)
Rendered /Users/integrum/.rvm/gems/ruby-1.9.2-p136@memegenerator/gems/actionpack-3.0.1/lib/action_dispatch/middleware/templates/rescues/_request_and_response.erb (2.4ms)
Rendered /Users/integrum/.rvm/gems/ruby-1.9.2-p136@memegenerator/gems/actionpack-3.0.1/lib/action_dispatch/middleware/templates/rescues/template_error.erb within rescues/layout (7.3ms)
  [1m[36mSQL (0.3ms)[0m  [1mSHOW TABLES[0m
  [1m[35mSQL (47.2ms)[0m  CREATE TABLE `memes` (`id` int(11) DEFAULT NULL auto_increment PRIMARY KEY, `meme_type` varchar(255), `first_line` varchar(255), `second_line` varchar(255), `image_url` varchar(255), `created_at` datetime, `updated_at` datetime) ENGINE=InnoDB
  [1m[36mSQL (0.3ms)[0m  [1mSHOW TABLES[0m
  [1m[35mSQL (125.9ms)[0m  CREATE TABLE `schema_migrations` (`version` varchar(255) NOT NULL) ENGINE=InnoDB
  [1m[36mSQL (0.3ms)[0m  [1mSHOW KEYS FROM `schema_migrations`[0m
  [1m[35mSQL (60.0ms)[0m  CREATE UNIQUE INDEX `unique_schema_migrations` ON `schema_migrations` (`version`)
  [1m[36mSQL (0.3ms)[0m  [1mSHOW TABLES[0m
  [1m[35mSQL (0.2ms)[0m  SELECT version FROM `schema_migrations`
  [1m[36mSQL (0.6ms)[0m  [1mINSERT INTO `schema_migrations` (version) VALUES ('20110325170545')[0m
  [1m[35mSQL (0.3ms)[0m  SHOW TABLES
  [1m[36mSQL (0.3ms)[0m  [1mSHOW TABLES[0m
  [1m[35mSQL (0.9ms)[0m  SELECT `schema_migrations`.`version` FROM `schema_migrations`
  [1m[36mSQL (0.2ms)[0m  [1mSHOW TABLES[0m
  [1m[35mSQL (0.2ms)[0m  SHOW TABLES
  [1m[36mSQL (0.5ms)[0m  [1mSELECT `schema_migrations`.`version` FROM `schema_migrations`[0m
  [1m[35mSQL (1.8ms)[0m  DROP DATABASE IF EXISTS `memegenerator_test`
  [1m[36mSQL (0.2ms)[0m  [1mCREATE DATABASE `memegenerator_test` DEFAULT CHARACTER SET `utf8`[0m
  [1m[35mSQL (0.2ms)[0m  SHOW TABLES
  [1m[36mSQL (38.7ms)[0m  [1mCREATE TABLE `memes` (`id` int(11) DEFAULT NULL auto_increment PRIMARY KEY, `meme_type` varchar(255), `first_line` varchar(255), `second_line` varchar(255), `image_url` varchar(255), `created_at` datetime, `updated_at` datetime) ENGINE=InnoDB[0m
  [1m[35mSQL (0.3ms)[0m  SHOW TABLES
  [1m[36mSQL (73.4ms)[0m  [1mCREATE TABLE `schema_migrations` (`version` varchar(255) NOT NULL) ENGINE=InnoDB[0m
  [1m[35mSQL (0.4ms)[0m  SHOW KEYS FROM `schema_migrations`
  [1m[36mSQL (60.4ms)[0m  [1mCREATE UNIQUE INDEX `unique_schema_migrations` ON `schema_migrations` (`version`)[0m
  [1m[35mSQL (0.4ms)[0m  SHOW TABLES
  [1m[36mSQL (0.3ms)[0m  [1mSELECT version FROM `schema_migrations`[0m
  [1m[35mSQL (0.4ms)[0m  INSERT INTO `schema_migrations` (version) VALUES ('20110325170545')


Started GET "/" for 127.0.0.1 at 2011-03-25 18:42:38 -0700
  Processing by MemesController#index as HTML
  [1m[35mMeme Load (0.3ms)[0m  SELECT `memes`.* FROM `memes`
Rendered memes/index.html.erb within layouts/application (1.9ms)
Completed 200 OK in 16ms (Views: 5.1ms | ActiveRecord: 0.3ms)


Started POST "/memes.json" for 127.0.0.1 at 2011-03-25 18:42:53 -0700
  Processing by MemesController#create as JSON
Completed   in 2ms

ActionView::MissingTemplate (Missing template memes/create with {:handlers=>[:erb, :rjs, :builder, :rhtml, :rxml], :formats=>[:json], :locale=>[:en, :en]} in view paths "/Users/integrum/kyle/android_meme/memegenerator/app/views"):
  

Rendered /Users/integrum/.rvm/gems/ruby-1.9.2-p136@memegenerator/gems/actionpack-3.0.1/lib/action_dispatch/middleware/templates/rescues/missing_template.erb within rescues/layout (0.6ms)


Started POST "/memes.json" for 127.0.0.1 at 2011-03-25 18:42:56 -0700
  Processing by MemesController#create as JSON
Completed   in 2ms

ActionView::MissingTemplate (Missing template memes/create with {:handlers=>[:erb, :rjs, :builder, :rhtml, :rxml], :formats=>[:json], :locale=>[:en, :en]} in view paths "/Users/integrum/kyle/android_meme/memegenerator/app/views"):
  

Rendered /Users/integrum/.rvm/gems/ruby-1.9.2-p136@memegenerator/gems/actionpack-3.0.1/lib/action_dispatch/middleware/templates/rescues/missing_template.erb within rescues/layout (0.6ms)


Started POST "/memes.json" for 127.0.0.1 at 2011-03-25 19:10:29 -0700
  Processing by MemesController#create as JSON
  Parameters: {"{}"=>nil}
Completed   in 0ms

ActionController::InvalidAuthenticityToken (ActionController::InvalidAuthenticityToken):
  

Rendered /Users/integrum/.rvm/gems/ruby-1.9.2-p136@memegenerator/gems/actionpack-3.0.1/lib/action_dispatch/middleware/templates/rescues/_trace.erb (0.9ms)
Rendered /Users/integrum/.rvm/gems/ruby-1.9.2-p136@memegenerator/gems/actionpack-3.0.1/lib/action_dispatch/middleware/templates/rescues/_request_and_response.erb (2.2ms)
Rendered /Users/integrum/.rvm/gems/ruby-1.9.2-p136@memegenerator/gems/actionpack-3.0.1/lib/action_dispatch/middleware/templates/rescues/diagnostics.erb within rescues/layout (6.5ms)


Started POST "/memes.json" for 127.0.0.1 at 2011-03-25 19:11:04 -0700
  Processing by MemesController#create as JSON
  [1m[36mSQL (0.1ms)[0m  [1mBEGIN[0m
  [1m[35mSQL (0.1ms)[0m  ROLLBACK
Completed 422 Unprocessable Entity in 47ms (Views: 2.7ms | ActiveRecord: 0.2ms)


Started POST "/memes.json" for 127.0.0.1 at 2011-03-25 19:11:08 -0700
  Processing by MemesController#create as JSON
  [1m[36mSQL (0.1ms)[0m  [1mBEGIN[0m
  [1m[35mSQL (0.1ms)[0m  ROLLBACK
Completed 422 Unprocessable Entity in 17ms (Views: 1.3ms | ActiveRecord: 0.2ms)


Started POST "/memes.json" for 127.0.0.1 at 2011-03-25 19:11:10 -0700
  Processing by MemesController#create as JSON
  [1m[36mSQL (0.1ms)[0m  [1mBEGIN[0m
  [1m[35mSQL (0.1ms)[0m  ROLLBACK
Completed 422 Unprocessable Entity in 18ms (Views: 1.3ms | ActiveRecord: 0.2ms)


Started POST "/memes.json" for 127.0.0.1 at 2011-03-25 19:11:30 -0700
  Processing by MemesController#create as JSON
  Parameters: {"meme_type => \"Y_U_NO\""=>nil}
  [1m[36mSQL (0.3ms)[0m  [1mBEGIN[0m
  [1m[35mSQL (0.1ms)[0m  ROLLBACK
Completed 422 Unprocessable Entity in 45ms (Views: 1.3ms | ActiveRecord: 0.4ms)


Started POST "/memes.json" for 127.0.0.1 at 2011-03-25 19:11:48 -0700
Error occurred while parsing request parameters.
Contents:


StandardError (Invalid JSON string):
  

Rendered /Users/integrum/.rvm/gems/ruby-1.9.2-p136@memegenerator/gems/actionpack-3.0.1/lib/action_dispatch/middleware/templates/rescues/_trace.erb (0.9ms)
Rendered /Users/integrum/.rvm/gems/ruby-1.9.2-p136@memegenerator/gems/actionpack-3.0.1/lib/action_dispatch/middleware/templates/rescues/_request_and_response.erb (0.9ms)
Rendered /Users/integrum/.rvm/gems/ruby-1.9.2-p136@memegenerator/gems/actionpack-3.0.1/lib/action_dispatch/middleware/templates/rescues/diagnostics.erb within rescues/layout (4.6ms)


Started POST "/memes.json" for 127.0.0.1 at 2011-03-25 19:11:52 -0700
Error occurred while parsing request parameters.
Contents:


StandardError (Invalid JSON string):
  

Rendered /Users/integrum/.rvm/gems/ruby-1.9.2-p136@memegenerator/gems/actionpack-3.0.1/lib/action_dispatch/middleware/templates/rescues/_trace.erb (0.9ms)
Rendered /Users/integrum/.rvm/gems/ruby-1.9.2-p136@memegenerator/gems/actionpack-3.0.1/lib/action_dispatch/middleware/templates/rescues/_request_and_response.erb (1.0ms)
Rendered /Users/integrum/.rvm/gems/ruby-1.9.2-p136@memegenerator/gems/actionpack-3.0.1/lib/action_dispatch/middleware/templates/rescues/diagnostics.erb within rescues/layout (4.7ms)


Started POST "/memes.json" for 127.0.0.1 at 2011-03-25 19:12:07 -0700
Error occurred while parsing request parameters.
Contents:


StandardError (Invalid JSON string):
  

Rendered /Users/integrum/.rvm/gems/ruby-1.9.2-p136@memegenerator/gems/actionpack-3.0.1/lib/action_dispatch/middleware/templates/rescues/_trace.erb (0.9ms)
Rendered /Users/integrum/.rvm/gems/ruby-1.9.2-p136@memegenerator/gems/actionpack-3.0.1/lib/action_dispatch/middleware/templates/rescues/_request_and_response.erb (0.9ms)
Rendered /Users/integrum/.rvm/gems/ruby-1.9.2-p136@memegenerator/gems/actionpack-3.0.1/lib/action_dispatch/middleware/templates/rescues/diagnostics.erb within rescues/layout (4.6ms)


Started POST "/memes.json" for 127.0.0.1 at 2011-03-25 19:12:59 -0700
Error occurred while parsing request parameters.
Contents:


StandardError (Invalid JSON string):
  

Rendered /Users/integrum/.rvm/gems/ruby-1.9.2-p136@memegenerator/gems/actionpack-3.0.1/lib/action_dispatch/middleware/templates/rescues/_trace.erb (0.9ms)
Rendered /Users/integrum/.rvm/gems/ruby-1.9.2-p136@memegenerator/gems/actionpack-3.0.1/lib/action_dispatch/middleware/templates/rescues/_request_and_response.erb (0.9ms)
Rendered /Users/integrum/.rvm/gems/ruby-1.9.2-p136@memegenerator/gems/actionpack-3.0.1/lib/action_dispatch/middleware/templates/rescues/diagnostics.erb within rescues/layout (4.6ms)


Started POST "/memes.json" for 127.0.0.1 at 2011-03-25 19:13:00 -0700
Error occurred while parsing request parameters.
Contents:


StandardError (Invalid JSON string):
  

Rendered /Users/integrum/.rvm/gems/ruby-1.9.2-p136@memegenerator/gems/actionpack-3.0.1/lib/action_dispatch/middleware/templates/rescues/_trace.erb (0.9ms)
Rendered /Users/integrum/.rvm/gems/ruby-1.9.2-p136@memegenerator/gems/actionpack-3.0.1/lib/action_dispatch/middleware/templates/rescues/_request_and_response.erb (0.9ms)
Rendered /Users/integrum/.rvm/gems/ruby-1.9.2-p136@memegenerator/gems/actionpack-3.0.1/lib/action_dispatch/middleware/templates/rescues/diagnostics.erb within rescues/layout (4.5ms)


Started POST "/memes.json" for 127.0.0.1 at 2011-03-25 19:13:06 -0700
  Processing by MemesController#create as JSON
  Parameters: {"meme"=>{"meme_type"=>"Y_U_NO"}}
  [1m[36mSQL (0.1ms)[0m  [1mBEGIN[0m
  [1m[35mSQL (0.1ms)[0m  ROLLBACK
Completed   in 701ms

ArgumentError (bad argument(expected URI object or URI string)):
  app/models/meme.rb:50:in `block in generate_meme_image'
  app/models/meme.rb:44:in `generate_meme_image'
  app/controllers/memes_controller.rb:13:in `create'

Rendered /Users/integrum/.rvm/gems/ruby-1.9.2-p136@memegenerator/gems/actionpack-3.0.1/lib/action_dispatch/middleware/templates/rescues/_trace.erb (1.0ms)
Rendered /Users/integrum/.rvm/gems/ruby-1.9.2-p136@memegenerator/gems/actionpack-3.0.1/lib/action_dispatch/middleware/templates/rescues/_request_and_response.erb (2.3ms)
Rendered /Users/integrum/.rvm/gems/ruby-1.9.2-p136@memegenerator/gems/actionpack-3.0.1/lib/action_dispatch/middleware/templates/rescues/diagnostics.erb within rescues/layout (6.3ms)


Started POST "/memes.json" for 127.0.0.1 at 2011-03-25 19:13:10 -0700
  Processing by MemesController#create as JSON
  Parameters: {"meme"=>{"meme_type"=>"Y_U_NO"}}
  [1m[36mSQL (0.1ms)[0m  [1mBEGIN[0m
  [1m[35mSQL (0.1ms)[0m  ROLLBACK
Completed   in 643ms

ArgumentError (bad argument(expected URI object or URI string)):
  app/models/meme.rb:50:in `block in generate_meme_image'
  app/models/meme.rb:44:in `generate_meme_image'
  app/controllers/memes_controller.rb:13:in `create'

Rendered /Users/integrum/.rvm/gems/ruby-1.9.2-p136@memegenerator/gems/actionpack-3.0.1/lib/action_dispatch/middleware/templates/rescues/_trace.erb (0.9ms)
Rendered /Users/integrum/.rvm/gems/ruby-1.9.2-p136@memegenerator/gems/actionpack-3.0.1/lib/action_dispatch/middleware/templates/rescues/_request_and_response.erb (2.1ms)
Rendered /Users/integrum/.rvm/gems/ruby-1.9.2-p136@memegenerator/gems/actionpack-3.0.1/lib/action_dispatch/middleware/templates/rescues/diagnostics.erb within rescues/layout (6.0ms)


Started POST "/memes.json" for 127.0.0.1 at 2011-03-25 19:14:31 -0700
  Processing by MemesController#create as JSON
  Parameters: {"meme"=>{"meme_type"=>"Y_U_NO"}}
  [1m[36mSQL (0.1ms)[0m  [1mBEGIN[0m
  [1m[35mSQL (0.1ms)[0m  ROLLBACK
Completed   in 1006ms

ArgumentError (bad argument(expected URI object or URI string)):
  app/models/meme.rb:50:in `block in generate_meme_image'
  app/models/meme.rb:44:in `generate_meme_image'
  app/controllers/memes_controller.rb:13:in `create'

Rendered /Users/integrum/.rvm/gems/ruby-1.9.2-p136@memegenerator/gems/actionpack-3.0.1/lib/action_dispatch/middleware/templates/rescues/_trace.erb (1.0ms)
Rendered /Users/integrum/.rvm/gems/ruby-1.9.2-p136@memegenerator/gems/actionpack-3.0.1/lib/action_dispatch/middleware/templates/rescues/_request_and_response.erb (2.2ms)
Rendered /Users/integrum/.rvm/gems/ruby-1.9.2-p136@memegenerator/gems/actionpack-3.0.1/lib/action_dispatch/middleware/templates/rescues/diagnostics.erb within rescues/layout (6.2ms)


Started POST "/memes.json" for 127.0.0.1 at 2011-03-25 19:14:36 -0700
  Processing by MemesController#create as JSON
  Parameters: {"meme"=>{"meme_type"=>"Y_U_NO"}}
  [1m[36mSQL (0.1ms)[0m  [1mBEGIN[0m
  [1m[35mSQL (0.1ms)[0m  ROLLBACK
Completed   in 606ms

ArgumentError (bad argument(expected URI object or URI string)):
  app/models/meme.rb:50:in `block in generate_meme_image'
  app/models/meme.rb:44:in `generate_meme_image'
  app/controllers/memes_controller.rb:13:in `create'

Rendered /Users/integrum/.rvm/gems/ruby-1.9.2-p136@memegenerator/gems/actionpack-3.0.1/lib/action_dispatch/middleware/templates/rescues/_trace.erb (1.0ms)
Rendered /Users/integrum/.rvm/gems/ruby-1.9.2-p136@memegenerator/gems/actionpack-3.0.1/lib/action_dispatch/middleware/templates/rescues/_request_and_response.erb (2.1ms)
Rendered /Users/integrum/.rvm/gems/ruby-1.9.2-p136@memegenerator/gems/actionpack-3.0.1/lib/action_dispatch/middleware/templates/rescues/diagnostics.erb within rescues/layout (6.1ms)


Started POST "/memes.json" for 127.0.0.1 at 2011-03-25 19:14:51 -0700
  Processing by MemesController#create as JSON
  Parameters: {"meme"=>{"meme_type"=>"Y_U_NO"}}
  [1m[36mSQL (0.1ms)[0m  [1mBEGIN[0m
  [1m[35mSQL (0.1ms)[0m  ROLLBACK
Completed   in 611ms

ArgumentError (bad argument(expected URI object or URI string)):
  app/models/meme.rb:50:in `block in generate_meme_image'
  app/models/meme.rb:44:in `generate_meme_image'
  app/controllers/memes_controller.rb:13:in `create'

Rendered /Users/integrum/.rvm/gems/ruby-1.9.2-p136@memegenerator/gems/actionpack-3.0.1/lib/action_dispatch/middleware/templates/rescues/_trace.erb (1.0ms)
Rendered /Users/integrum/.rvm/gems/ruby-1.9.2-p136@memegenerator/gems/actionpack-3.0.1/lib/action_dispatch/middleware/templates/rescues/_request_and_response.erb (2.1ms)
Rendered /Users/integrum/.rvm/gems/ruby-1.9.2-p136@memegenerator/gems/actionpack-3.0.1/lib/action_dispatch/middleware/templates/rescues/diagnostics.erb within rescues/layout (5.9ms)


Started POST "/memes.json" for 127.0.0.1 at 2011-03-25 19:14:53 -0700
  Processing by MemesController#create as JSON
  Parameters: {"meme"=>{"meme_type"=>"Y_U_NO"}}
  [1m[36mSQL (0.1ms)[0m  [1mBEGIN[0m
  [1m[35mSQL (0.1ms)[0m  ROLLBACK
Completed   in 655ms

ArgumentError (bad argument(expected URI object or URI string)):
  app/models/meme.rb:50:in `block in generate_meme_image'
  app/models/meme.rb:44:in `generate_meme_image'
  app/controllers/memes_controller.rb:13:in `create'

Rendered /Users/integrum/.rvm/gems/ruby-1.9.2-p136@memegenerator/gems/actionpack-3.0.1/lib/action_dispatch/middleware/templates/rescues/_trace.erb (0.9ms)
Rendered /Users/integrum/.rvm/gems/ruby-1.9.2-p136@memegenerator/gems/actionpack-3.0.1/lib/action_dispatch/middleware/templates/rescues/_request_and_response.erb (2.0ms)
Rendered /Users/integrum/.rvm/gems/ruby-1.9.2-p136@memegenerator/gems/actionpack-3.0.1/lib/action_dispatch/middleware/templates/rescues/diagnostics.erb within rescues/layout (5.7ms)


Started POST "/memes.json" for 127.0.0.1 at 2011-03-25 19:15:25 -0700
  Processing by MemesController#create as JSON
  Parameters: {"meme"=>{"meme_type"=>"Y_U_NO"}}
  [1m[36mSQL (0.1ms)[0m  [1mBEGIN[0m
  [1m[35mSQL (0.1ms)[0m  ROLLBACK
Completed   in 706ms

ArgumentError (bad argument(expected URI object or URI string)):
  app/models/meme.rb:50:in `block in generate_meme_image'
  app/models/meme.rb:44:in `generate_meme_image'
  app/controllers/memes_controller.rb:13:in `create'

Rendered /Users/integrum/.rvm/gems/ruby-1.9.2-p136@memegenerator/gems/actionpack-3.0.1/lib/action_dispatch/middleware/templates/rescues/_trace.erb (1.0ms)
Rendered /Users/integrum/.rvm/gems/ruby-1.9.2-p136@memegenerator/gems/actionpack-3.0.1/lib/action_dispatch/middleware/templates/rescues/_request_and_response.erb (2.1ms)
Rendered /Users/integrum/.rvm/gems/ruby-1.9.2-p136@memegenerator/gems/actionpack-3.0.1/lib/action_dispatch/middleware/templates/rescues/diagnostics.erb within rescues/layout (6.4ms)


Started POST "/memes.json" for 127.0.0.1 at 2011-03-25 19:15:39 -0700
  Processing by MemesController#create as JSON
  Parameters: {"meme"=>{"meme_type"=>"Y_U_NO", "first_line"=>"\\"}}
  [1m[36mSQL (0.1ms)[0m  [1mBEGIN[0m
  [1m[35mSQL (0.3ms)[0m  SHOW TABLES
  [1m[36mSQL (1.0ms)[0m  [1mdescribe `memes`[0m
  [1m[35mSQL (0.2ms)[0m  INSERT INTO `memes` (`created_at`, `first_line`, `image_url`, `meme_type`, `second_line`, `updated_at`) VALUES ('2011-03-26 02:15:40', '\\', 'http://images.memegenerator.net/Instance/Image?imageSize=Medium&instanceID=6550138&generatorName=Why-you-no', 'Y_U_NO', ' ', '2011-03-26 02:15:40')
  [1m[36mSQL (0.4ms)[0m  [1mCOMMIT[0m
Completed 201 Created in 1383ms (Views: 4.5ms | ActiveRecord: 2.1ms)


Started POST "/memes.json" for 127.0.0.1 at 2011-03-25 19:15:47 -0700
  Processing by MemesController#create as JSON
  Parameters: {"meme"=>{"meme_type"=>"Y_U_NO", "first_line"=>"first"}}
  [1m[35mSQL (0.1ms)[0m  BEGIN
  [1m[36mSQL (0.2ms)[0m  [1mINSERT INTO `memes` (`created_at`, `first_line`, `image_url`, `meme_type`, `second_line`, `updated_at`) VALUES ('2011-03-26 02:15:48', 'first', 'http://images2.memegenerator.net/ImageMacro/6550143/first.jpg?imageSize=Medium&generatorName=Why-you-no', 'Y_U_NO', ' ', '2011-03-26 02:15:48')[0m
  [1m[35mSQL (0.4ms)[0m  COMMIT
Completed 201 Created in 1313ms (Views: 2.3ms | ActiveRecord: 0.7ms)
